[19:46:34.828] Running build in Washington, D.C., USA (East) â€“ iad1
[19:46:34.828] Build machine configuration: 2 cores, 8 GB
[19:46:34.843] Cloning github.com/Dwaapar/Findawise-vercel-phase-171 (Branch: main, Commit: d92557f)
[19:46:34.985] Previous build caches not available
[19:46:36.254] Cloning completed: 1.411s
[19:46:37.205] Running "vercel build"
[19:46:37.594] Vercel CLI 46.0.5
[19:46:37.957] WARN! Due to `builds` existing in your configuration file, the Build and Development Settings defined in your Project Settings will not apply. Learn More: https://vercel.link/unused-build-settings
[19:46:38.752] Installing dependencies...
[19:46:40.313] npm warn skipping integrity check for git dependency ssh://git@github.com/dmarcos/three-bmfont-text.git
[19:46:44.936] npm warn deprecated node-domexception@1.0.0: Use your platform's native DOMException instead
[19:46:47.837] npm warn deprecated @esbuild-kit/esm-loader@2.6.5: Merged into tsx: https://tsx.is
[19:46:47.942] npm warn deprecated @esbuild-kit/core-utils@3.3.2: Merged into tsx: https://tsx.is
[19:47:14.337] 
[19:47:14.338] added 1270 packages in 35s
[19:47:14.339] 
[19:47:14.339] 267 packages are looking for funding
[19:47:14.340]   run `npm fund` for details
[19:47:14.418] Running "npm run build"
[19:47:14.534] 
[19:47:14.535] > rest-express@1.0.0 build
[19:47:14.536] > vite build && esbuild server/index.ts --platform=node --packages=external --bundle --format=esm --outdir=dist
[19:47:14.536] 
[19:47:14.793] [36mvite v5.4.19 [32mbuilding for production...[36m[39m
[19:47:14.857] transforming...
[19:47:15.137] Browserslist: browsers data (caniuse-lite) is 10 months old. Please run:
[19:47:15.137]   npx update-browserslist-db@latest
[19:47:15.138]   Why you should do it regularly: https://github.com/browserslist/update-db#readme
[19:47:17.173] 
[19:47:17.174] /api/placeholder/1920/1080 referenced in /api/placeholder/1920/1080 didn't resolve at build time, it will remain unchanged to be resolved at runtime
[19:47:28.384] [32mâœ“[39m 3798 modules transformed.
[19:47:29.034] rendering chunks...
[19:47:30.209] computing gzip size...
[19:47:30.433] [2m../dist/public/[22m[32mindex.html                          [39m[1m[2m    3.24 kB[22m[1m[22m[2m â”‚ gzip:   1.20 kB[22m
[19:47:30.433] [2m../dist/public/[22m[2massets/[22m[35mindex-BsAiJWnH.css           [39m[1m[2m  169.43 kB[22m[1m[22m[2m â”‚ gzip:  24.23 kB[22m
[19:47:30.448] [2m../dist/public/[22m[2massets/[22m[36mFunnelDashboard-CU_1yqjw.js  [39m[1m[2m   21.26 kB[22m[1m[22m[2m â”‚ gzip:   4.75 kB[22m
[19:47:30.448] [2m../dist/public/[22m[2massets/[22m[36mindex-CC0qEvGe.js            [39m[1m[33m2,543.38 kB[39m[22m[2m â”‚ gzip: 668.03 kB[22m
[19:47:30.449] [33m
[19:47:30.449] (!) Some chunks are larger than 500 kB after minification. Consider:
[19:47:30.449] - Using dynamic import() to code-split the application
[19:47:30.449] - Use build.rollupOptions.output.manualChunks to improve chunking: https://rollupjs.org/configuration-options/#output-manualchunks
[19:47:30.449] - Adjust chunk size limit for this warning via build.chunkSizeWarningLimit.[39m
[19:47:30.450] [32mâœ“ built in 15.63s[39m
[19:47:30.733] â–² [WARNING] Duplicate member "triggerFailover" in class body [duplicate-class-member]
[19:47:30.733] 
[19:47:30.733]     server/services/multiRegion/multiRegionLoadOrchestrator.ts:1366:8:
[19:47:30.733]       1366 â”‚   async triggerFailover(fromRegion: string, toRegion: string, re...
[19:47:30.733]            â•µ         ~~~~~~~~~~~~~~~
[19:47:30.733] 
[19:47:30.733]   The original member "triggerFailover" is here:
[19:47:30.733] 
[19:47:30.734]     server/services/multiRegion/multiRegionLoadOrchestrator.ts:636:16:
[19:47:30.734]       636 â”‚   private async triggerFailover(fromRegionId: string, reason: str...
[19:47:30.734]           â•µ                 ~~~~~~~~~~~~~~~
[19:47:30.734] 
[19:47:30.810] â–² [WARNING] Duplicate member "updateCtaInstanceMetrics" in class body [duplicate-class-member]
[19:47:30.810] 
[19:47:30.810]     server/storage.ts:8281:8:
[19:47:30.810]       8281 â”‚   async updateCtaInstanceMetrics(instanceId: string, metrics: an...
[19:47:30.810]            â•µ         ~~~~~~~~~~~~~~~~~~~~~~~~
[19:47:30.810] 
[19:47:30.810]   The original member "updateCtaInstanceMetrics" is here:
[19:47:30.810] 
[19:47:30.810]     server/storage.ts:8109:8:
[19:47:30.810]       8109 â”‚   async updateCtaInstanceMetrics(instanceId: string, metrics: an...
[19:47:30.810]            â•µ         ~~~~~~~~~~~~~~~~~~~~~~~~
[19:47:30.811] 
[19:47:30.811] â–² [WARNING] Duplicate member "getCtaInstanceMetrics" in class body [duplicate-class-member]
[19:47:30.811] 
[19:47:30.811]     server/storage.ts:8292:8:
[19:47:30.811]       8292 â”‚   async getCtaInstanceMetrics(instanceId: string): Promise<any> {
[19:47:30.812]            â•µ         ~~~~~~~~~~~~~~~~~~~~~
[19:47:30.812] 
[19:47:30.812]   The original member "getCtaInstanceMetrics" is here:
[19:47:30.812] 
[19:47:30.812]     server/storage.ts:8119:8:
[19:47:30.812]       8119 â”‚   async getCtaInstanceMetrics(instanceId: string): Promise<any> {
[19:47:30.812]            â•µ         ~~~~~~~~~~~~~~~~~~~~~
[19:47:30.812] 
[19:47:31.104] â–² [WARNING] Duplicate member "createCtaAbTest" in class body [duplicate-class-member]
[19:47:31.105] 
[19:47:31.105]     server/storage.ts:8305:8:
[19:47:31.105]       8305 â”‚   async createCtaAbTest(test: InsertCtaAbTest): Promise<CtaAbTes...
[19:47:31.105]            â•µ         ~~~~~~~~~~~~~~~
[19:47:31.105] 
[19:47:31.106]   The original member "createCtaAbTest" is here:
[19:47:31.106] 
[19:47:31.106]     server/storage.ts:8125:8:
[19:47:31.106]       8125 â”‚   async createCtaAbTest(test: InsertCtaAbTest): Promise<CtaAbTes...
[19:47:31.106]            â•µ         ~~~~~~~~~~~~~~~
[19:47:31.107] 
[19:47:31.107] â–² [WARNING] Duplicate member "getCtaAbTest" in class body [duplicate-class-member]
[19:47:31.107] 
[19:47:31.108]     server/storage.ts:8310:8:
[19:47:31.108]       8310 â”‚   async getCtaAbTest(testId: string): Promise<CtaAbTest | undefi...
[19:47:31.108]            â•µ         ~~~~~~~~~~~~
[19:47:31.108] 
[19:47:31.108]   The original member "getCtaAbTest" is here:
[19:47:31.108] 
[19:47:31.108]     server/storage.ts:8130:8:
[19:47:31.108]       8130 â”‚   async getCtaAbTest(testId: string): Promise<CtaAbTest | undefi...
[19:47:31.108]            â•µ         ~~~~~~~~~~~~
[19:47:31.108] 
[19:47:31.109] â–² [WARNING] Duplicate member "getCtaAbTests" in class body [duplicate-class-member]
[19:47:31.109] 
[19:47:31.109]     server/storage.ts:8316:8:
[19:47:31.109]       8316 â”‚   async getCtaAbTests(filters?: { status?: string }): Promise<Ct...
[19:47:31.112]            â•µ         ~~~~~~~~~~~~~
[19:47:31.112] 
[19:47:31.113]   The original member "getCtaAbTests" is here:
[19:47:31.113] 
[19:47:31.113]     server/storage.ts:8136:8:
[19:47:31.114]       8136 â”‚   async getCtaAbTests(filters?: { status?: string }): Promise<Ct...
[19:47:31.114]            â•µ         ~~~~~~~~~~~~~
[19:47:31.114] 
[19:47:31.115] 6 of 94 warnings shown (disable the message limit with --log-limit=0)
[19:47:31.116] 
[19:47:31.116]   dist/index.js  5.1mb âš ï¸
[19:47:31.116] 
[19:47:31.116] âš¡ Done in 405ms
[19:47:31.439] Using TypeScript 5.9.2 (local user-provided)
[19:47:38.143] api/index.ts(26,27): error TS2339: Property 'handle' does not exist on type 'typeof import("/vercel/path0/dist/index") | Express'.
[19:47:38.144]   Property 'handle' does not exist on type 'typeof import("/vercel/path0/dist/index")'.
[19:47:38.144] api/index.ts(27,18): error TS2339: Property 'handle' does not exist on type 'typeof import("/vercel/path0/dist/index") | Express'.
[19:47:38.145]   Property 'handle' does not exist on type 'typeof import("/vercel/path0/dist/index")'.
[19:47:38.145] 
[19:48:17.123] Build Completed in /vercel/output [2m]
[19:48:18.188] Deploying outputs...
[19:48:33.052] Deployment completed
[19:48:34.006] Creating build cache...
[19:49:17.039] Created build cache: 43.024s
[19:49:17.040] Uploading build cache [175.51 MB]
[19:49:20.222] Build cache uploaded: 3.191s